La génération a démarré 2015-11-25 17:49:30.
     1>Projet "C:\Users\ak36420\Documents\Visual Studio 2013\Projects\LOG645-TP4\Lab4-2\Lab4-2.vcxproj" sur le nœud 2 (Build cible(s)).
     1>ClCompile:
         C:\Program Files (x86)\Microsoft Visual Studio 12.0\VC\bin\CL.exe /c /ZI /nologo /W3 /WX- /sdl /Od /Oy- /D WIN32 /D _DEBUG /D _CONSOLE /D _LIB /D _UNICODE /D UNICODE /Gm /EHsc /RTC1 /MDd /GS /fp:precise /Zc:wchar_t /Zc:forScope /Fo"Debug\\" /Fd"Debug\vc120.pdb" /Gd /TP /analyze- /errorReport:prompt TP4.cpp
         TP4.cpp
     1>c:\users\ak36420\documents\visual studio 2013\projects\log645-tp4\lab4-2\tp4.cpp(114): warning C4244: '=' : conversion de 'double' en 'float', perte possible de données
     1>c:\users\ak36420\documents\visual studio 2013\projects\log645-tp4\lab4-2\tp4.cpp(115): warning C4244: '=' : conversion de 'double' en 'float', perte possible de données
     1>c:\users\ak36420\documents\visual studio 2013\projects\log645-tp4\lab4-2\tp4.cpp(122): warning C4018: '<' : incompatibilité signed/unsigned
     1>c:\users\ak36420\documents\visual studio 2013\projects\log645-tp4\lab4-2\tp4.cpp(124): warning C4018: '<' : incompatibilité signed/unsigned
     1>c:\users\ak36420\documents\visual studio 2013\projects\log645-tp4\lab4-2\tp4.cpp(126): warning C4244: '=' : conversion de 'size_t' en 'float', perte possible de données
     1>c:\users\ak36420\documents\visual studio 2013\projects\log645-tp4\lab4-2\tp4.cpp(127): warning C4244: '=' : conversion de 'size_t' en 'float', perte possible de données
     1>c:\users\ak36420\documents\visual studio 2013\projects\log645-tp4\lab4-2\tp4.cpp(169): warning C4244: '=' : conversion de 'int' en 'float', perte possible de données
     1>c:\users\ak36420\documents\visual studio 2013\projects\log645-tp4\lab4-2\tp4.cpp(170): warning C4244: '=' : conversion de 'int' en 'float', perte possible de données
     1>c:\users\ak36420\documents\visual studio 2013\projects\log645-tp4\lab4-2\tp4.cpp(264): warning C4244: '=' : conversion de 'int' en 'float', perte possible de données
       Link:
         C:\Program Files (x86)\Microsoft Visual Studio 12.0\VC\bin\link.exe /ERRORREPORT:PROMPT /OUT:"C:\Users\ak36420\Documents\Visual Studio 2013\Projects\LOG645-TP4\Debug\Lab4-2.exe" /INCREMENTAL /NOLOGO /LIBPATH:"C:\Program Files\NVIDIA GPU Computing Toolkit\CUDA\v6.5/lib/Win32" kernel32.lib user32.lib gdi32.lib winspool.lib comdlg32.lib advapi32.lib shell32.lib ole32.lib oleaut32.lib uuid.lib odbc32.lib odbccp32.lib kernel32.lib user32.lib gdi32.lib winspool.lib comdlg32.lib advapi32.lib shell32.lib ole32.lib oleaut32.lib uuid.lib odbc32.lib odbccp32.lib OpenCL.lib /MANIFEST /MANIFESTUAC:"level='asInvoker' uiAccess='false'" /manifest:embed /DEBUG /PDB:"C:\Users\ak36420\Documents\Visual Studio 2013\Projects\LOG645-TP4\Debug\Lab4-2.pdb" /SUBSYSTEM:CONSOLE /TLBID:1 /DYNAMICBASE /NXCOMPAT /IMPLIB:"C:\Users\ak36420\Documents\Visual Studio 2013\Projects\LOG645-TP4\Debug\Lab4-2.lib" /MACHINE:X86 Debug\TP4.obj
         Lab4-2.vcxproj -> C:\Users\ak36420\Documents\Visual Studio 2013\Projects\LOG645-TP4\Debug\Lab4-2.exe
     1>Génération du projet "C:\Users\ak36420\Documents\Visual Studio 2013\Projects\LOG645-TP4\Lab4-2\Lab4-2.vcxproj" terminée (Build cible(s)).

La génération a réussi.

Temps écoulé 00:00:00.85
